<?xml version="1.0" encoding="UTF-8"?>
<testsuites name="Mocha Tests" time="24.771" tests="2" failures="0">
  <testsuite name="Root Suite" timestamp="2023-07-28T18:02:14" tests="0" file="integration/loginMercadoLibre.cy.js" time="0.000" failures="0">
  </testsuite>
  <testsuite name="Login de Mercado Libre correcto" timestamp="2023-07-28T18:02:14" tests="1" time="17.133" failures="0">
    <testcase name="Login de Mercado Libre correcto Login valido Mercado Libre" time="13.908" classname="Login valido Mercado Libre">
    </testcase>
  </testsuite>
  <testsuite name="Login de Mercado Libre incorrecto" timestamp="2023-07-28T18:02:31" tests="1" time="7.608" failures="0">
    <testcase name="Login de Mercado Libre incorrecto Login invalido Mercado Libre" time="7.663" classname="Login invalido Mercado Libre">
    </testcase>
  </testsuite>
</testsuites>